2020/10/13 10:38:08 |----------------------------------------|
2020/10/13 10:38:08 | DEVELOPMENT :::::::::::::::: event log |
2020/10/13 10:38:08 |-----//o--------------------------------|
2020/10/13 10:38:08                     development version
2020/10/13 10:38:08                     development build
2020/10/13 10:38:08                             pid 99168
2020/10/13 10:38:08 |---- configuration ---------o//---------|
2020/10/13 10:38:08   file           | sample.dat
2020/10/13 10:38:08   x              | 0
2020/10/13 10:38:08   y              | 0
2020/10/13 10:38:08 |---- service ---------------o//---------|
2020/10/13 10:38:08 sample: start
2020/10/13 10:38:08 service: start
2020/10/13 10:38:09 |---- log -------------------o//---------|
2020/10/13 10:38:09 1 sleep
2020/10/13 10:38:10 2 sleep
2020/10/13 10:38:11 3 sleep
2020/10/13 10:38:12 4 sleep
2020/10/13 10:38:13 |---- interrupt -------------o//---------|
2020/10/13 10:38:13 sample: stop
2020/10/13 10:38:13 service: stop
2020/10/13 10:38:13 |---- bye -------------------o//---------|
